Traceback (most recent call last):
  File "/Users/elijahc/.pyenv/versions/3.7.8/envs/emu-p37/lib/python3.7/site-packages/jupyter_cache/executors/utils.py", line 56, in single_nb_execution
    record_timing=False,
  File "/Users/elijahc/.pyenv/versions/3.7.8/envs/emu-p37/lib/python3.7/site-packages/nbclient/client.py", line 1117, in execute
    return NotebookClient(nb=nb, resources=resources, km=km, **kwargs).execute()
  File "/Users/elijahc/.pyenv/versions/3.7.8/envs/emu-p37/lib/python3.7/site-packages/nbclient/util.py", line 78, in wrapped
    return just_run(coro(*args, **kwargs))
  File "/Users/elijahc/.pyenv/versions/3.7.8/envs/emu-p37/lib/python3.7/site-packages/nbclient/util.py", line 57, in just_run
    return loop.run_until_complete(coro)
  File "/Users/elijahc/.pyenv/versions/3.7.8/lib/python3.7/asyncio/base_events.py", line 587, in run_until_complete
    return future.result()
  File "/Users/elijahc/.pyenv/versions/3.7.8/envs/emu-p37/lib/python3.7/site-packages/nbclient/client.py", line 559, in async_execute
    cell, index, execution_count=self.code_cells_executed + 1
  File "/Users/elijahc/.pyenv/versions/3.7.8/envs/emu-p37/lib/python3.7/site-packages/nbclient/client.py", line 862, in async_execute_cell
    self._check_raise_for_error(cell, exec_reply)
  File "/Users/elijahc/.pyenv/versions/3.7.8/envs/emu-p37/lib/python3.7/site-packages/nbclient/client.py", line 765, in _check_raise_for_error
    raise CellExecutionError.from_cell_and_msg(cell, exec_reply_content)
nbclient.exceptions.CellExecutionError: An error occurred while executing the following cell:
------------------
import os
import warnings
import numpy as np
import luigi
import emu.neuralynx_io as nlx
from emu.pdil.raw import Electrophysiology,Participant,points_to_choice
from emu.neuralynx_io import nev_as_records
from emu.nwb import nlx_to_nwb
from emu.pipeline.remote import RemoteCSV
from emu.pipeline.download import ExperimentManifest
from pynwb import TimeSeries, NWBFile,NWBHDF5IO
from pynwb.ecephys import ElectricalSeries
from pynwb.misc import AnnotationSeries
import pandas as pd
import datetime
import glob

from tqdm import tqdm_notebook as tqdm
------------------

[0;31m---------------------------------------------------------------------------[0m
[0;31mModuleNotFoundError[0m                       Traceback (most recent call last)
[0;32m/var/folders/0j/jtnrvl8d6hd01616xysk3g1h0000gn/T/ipykernel_4121/3219390234.py[0m in [0;36m<module>[0;34m[0m
[1;32m      4[0m [0;32mimport[0m [0mluigi[0m[0;34m[0m[0;34m[0m[0m
[1;32m      5[0m [0;32mimport[0m [0memu[0m[0;34m.[0m[0mneuralynx_io[0m [0;32mas[0m [0mnlx[0m[0;34m[0m[0;34m[0m[0m
[0;32m----> 6[0;31m [0;32mfrom[0m [0memu[0m[0;34m.[0m[0mpdil[0m[0;34m.[0m[0mraw[0m [0;32mimport[0m [0mElectrophysiology[0m[0;34m,[0m[0mParticipant[0m[0;34m,[0m[0mpoints_to_choice[0m[0;34m[0m[0;34m[0m[0m
[0m[1;32m      7[0m [0;32mfrom[0m [0memu[0m[0;34m.[0m[0mneuralynx_io[0m [0;32mimport[0m [0mnev_as_records[0m[0;34m[0m[0;34m[0m[0m
[1;32m      8[0m [0;32mfrom[0m [0memu[0m[0;34m.[0m[0mnwb[0m [0;32mimport[0m [0mnlx_to_nwb[0m[0;34m[0m[0;34m[0m[0m

[0;32m~/dev/emu/src/emu/pdil/raw.py[0m in [0;36m<module>[0;34m[0m
[1;32m     14[0m [0;32mfrom[0m [0;34m.[0m[0;34m.[0m[0mneuralynx_io[0m [0;32mimport[0m [0mload_nev[0m[0;34m[0m[0;34m[0m[0m
[1;32m     15[0m [0;32mfrom[0m [0;34m.[0m[0;34m.[0m[0mneuralynx_io[0m [0;32mimport[0m [0mnev_as_records[0m[0;34m[0m[0;34m[0m[0m
[0;32m---> 16[0;31m [0;32mfrom[0m [0;34m.[0m[0;34m.[0m[0mpipeline[0m[0;34m.[0m[0mprocess[0m [0;32mimport[0m [0mPDilTask[0m[0;34m[0m[0;34m[0m[0m
[0m[1;32m     17[0m [0;32mfrom[0m [0;34m.[0m[0;34m.[0m[0mpipeline[0m[0;34m.[0m[0mremote[0m [0;32mimport[0m [0mRemoteCSV[0m[0;34m[0m[0;34m[0m[0m
[1;32m     18[0m [0;32mfrom[0m [0;34m.[0m[0;34m.[0m[0mpipeline[0m[0;34m.[0m[0mdownload[0m [0;32mimport[0m [0mRaw[0m[0;34m,[0m [0mcheck_or_create[0m[0;34m,[0m [0mBehaviorRaw[0m[0;34m,[0m [0mExperimentManifest[0m[0;34m,[0m[0mcache_fp[0m[0;34m,[0m[0mNLXRaw[0m[0;34m[0m[0;34m[0m[0m

[0;32m~/dev/emu/src/emu/pipeline/process.py[0m in [0;36m<module>[0;34m[0m
[1;32m     10[0m [0;32mfrom[0m [0mpynwb[0m [0;32mimport[0m [0mNWBFile[0m[0;34m,[0m [0mTimeSeries[0m[0;34m,[0m[0mNWBHDF5IO[0m[0;34m[0m[0;34m[0m[0m
[1;32m     11[0m [0;34m[0m[0m
[0;32m---> 12[0;31m [0;32mfrom[0m [0;34m.[0m[0mdownload[0m [0;32mimport[0m [0mFileManifest[0m[0;34m,[0m[0mRaw[0m[0;34m[0m[0;34m[0m[0m
[0m[1;32m     13[0m [0;32mfrom[0m [0;34m.[0m[0mremote[0m [0;32mimport[0m [0mRemotePatientManifest[0m[0;34m[0m[0;34m[0m[0m
[1;32m     14[0m [0;32mfrom[0m [0;34m.[0m[0mutils[0m [0;32mimport[0m [0mfile_ids_by_channel[0m[0;34m[0m[0;34m[0m[0m

[0;32m~/dev/emu/src/emu/pipeline/download.py[0m in [0;36m<module>[0;34m[0m
[1;32m      8[0m [0;32mfrom[0m [0;34m.[0m[0;34m.[0m[0mauth[0m [0;32mimport[0m [0mjwt[0m[0;34m,[0m [0mDEFAULT_ROOT[0m[0;34m[0m[0;34m[0m[0m
[1;32m      9[0m [0;31m# from .utils import file_ids_by_channel[0m[0;34m[0m[0;34m[0m[0;34m[0m[0m
[0;32m---> 10[0;31m [0;32mfrom[0m [0;34m.[0m[0;34m.[0m[0mbackend[0m [0;32mimport[0m [0mget_file_manifest[0m [0;32mas[0m [0mget_folder_files[0m[0;34m[0m[0;34m[0m[0m
[0m[1;32m     11[0m [0;32mfrom[0m [0;34m.[0m[0;34m.[0m[0mutils[0m [0;32mimport[0m [0mDEFAULT_MANIFEST_FID[0m[0;34m[0m[0;34m[0m[0m
[1;32m     12[0m [0;32mfrom[0m [0;34m.[0m[0;34m.[0m[0mluigi[0m[0;34m.[0m[0mbox[0m [0;32mimport[0m [0mBoxTarget[0m[0;34m[0m[0;34m[0m[0m

[0;32m~/dev/emu/src/emu/backend.py[0m in [0;36m<module>[0;34m[0m
[0;32m----> 1[0;31m [0;32mimport[0m [0mtyper[0m[0;34m[0m[0;34m[0m[0m
[0m[1;32m      2[0m [0;32mimport[0m [0mclick_spinner[0m[0;34m[0m[0;34m[0m[0m
[1;32m      3[0m [0;32mfrom[0m [0mtabulate[0m [0;32mimport[0m [0mtabulate[0m[0;34m[0m[0;34m[0m[0m
[1;32m      4[0m [0;32mfrom[0m [0mboxsdk[0m[0;34m.[0m[0mobject[0m[0;34m.[0m[0mfile[0m [0;32mimport[0m [0mFile[0m[0;34m[0m[0;34m[0m[0m
[1;32m      5[0m [0;32mfrom[0m [0mboxsdk[0m[0;34m.[0m[0mobject[0m[0;34m.[0m[0mfolder[0m [0;32mimport[0m [0mFolder[0m[0;34m[0m[0;34m[0m[0m

[0;31mModuleNotFoundError[0m: No module named 'typer'
ModuleNotFoundError: No module named 'typer'

